CRITICAL - 2022-06-23 01:55:55 --> Trying to access array offset on value of type null
in APPPATH\Views\artikel\form_edit.php on line 6.
 1 APPPATH\Views\artikel\form_edit.php(6): CodeIgniter\Debug\Exceptions->errorHandler(8, 'Trying to access array offset on value of type null', 'APPPATH\\Views\\artikel\\form_edit.php', 6, [...])
 2 SYSTEMPATH\View\View.php(213): include('APPPATH\\Views\\artikel\\form_edit.php')
 3 SYSTEMPATH\View\View.php(216): CodeIgniter\View\View->CodeIgniter\View\{closure}()
 4 SYSTEMPATH\Common.php(1135): CodeIgniter\View\View->render('artikel/form_edit', [], true)
 5 APPPATH\Controllers\Artikel.php(86): view('artikel/form_edit', [...])
 6 SYSTEMPATH\CodeIgniter.php(898): App\Controllers\Artikel->edit('1')
 7 SYSTEMPATH\CodeIgniter.php(468): CodeIgniter\CodeIgniter->runController(Object(App\Controllers\Artikel))
 8 SYSTEMPATH\CodeIgniter.php(351): CodeIgniter\CodeIgniter->handleRequest(null, Object(Config\Cache), false)
 9 FCPATH\index.php(55): CodeIgniter\CodeIgniter->run()
10 SYSTEMPATH\Commands\Server\rewrite.php(43): require_once('FCPATH\\index.php')
CRITICAL - 2022-06-23 01:56:01 --> Trying to access array offset on value of type null
in APPPATH\Views\artikel\form_edit.php on line 6.
 1 APPPATH\Views\artikel\form_edit.php(6): CodeIgniter\Debug\Exceptions->errorHandler(8, 'Trying to access array offset on value of type null', 'APPPATH\\Views\\artikel\\form_edit.php', 6, [...])
 2 SYSTEMPATH\View\View.php(213): include('APPPATH\\Views\\artikel\\form_edit.php')
 3 SYSTEMPATH\View\View.php(216): CodeIgniter\View\View->CodeIgniter\View\{closure}()
 4 SYSTEMPATH\Common.php(1135): CodeIgniter\View\View->render('artikel/form_edit', [], true)
 5 APPPATH\Controllers\Artikel.php(86): view('artikel/form_edit', [...])
 6 SYSTEMPATH\CodeIgniter.php(898): App\Controllers\Artikel->edit('1')
 7 SYSTEMPATH\CodeIgniter.php(468): CodeIgniter\CodeIgniter->runController(Object(App\Controllers\Artikel))
 8 SYSTEMPATH\CodeIgniter.php(351): CodeIgniter\CodeIgniter->handleRequest(null, Object(Config\Cache), false)
 9 FCPATH\index.php(55): CodeIgniter\CodeIgniter->run()
10 SYSTEMPATH\Commands\Server\rewrite.php(43): require_once('FCPATH\\index.php')
